2017-03-25  INFO [Process-akka.actor.default-dispatcher-5] a.e.s.Slf4jLogger - Slf4jLogger started
2017-03-25 15:59:57.493UTC DEBUG[Process-akka.actor.default-dispatcher-5] a.e.EventStream - logger log1-Slf4jLogger started
2017-03-25 15:59:57.494UTC DEBUG[Process-akka.actor.default-dispatcher-5] a.e.EventStream - Default Loggers started
2017-03-25 16:00:08.748UTC INFO [Process-akka.actor.default-dispatcher-4] b.ReportProcess - user name ====shubham123@gmail.com and Account number is 1234
2017-03-25 16:00:08.749UTC INFO [Process-akka.actor.default-dispatcher-4] b.ReportProcess - Bills Associated with this user ====List(Billers(Car,shubham,1234,1/1/2001,500.0,3,2,1000.0))
2017-03-25 16:00:08.749UTC INFO [Process-akka.actor.default-dispatcher-4] b.ReportProcess - user name ====Rahul123@gamil.com and Account number is 123456
2017-03-25 16:00:08.749UTC INFO [Process-akka.actor.default-dispatcher-4] b.ReportProcess - Bills Associated with this user ====List(Billers(Car,Rahul,1234,1/1/2001,500.0,3,2,1000.0), Billers(Food,Rahul,1234,1/1/2001,500.0,3,2,1000.0))
2017-03-25 16:00:18.732UTC INFO [Process-akka.actor.default-dispatcher-4] b.ReportProcess - user name ====shubham123@gmail.com and Account number is 1234
2017-03-25 16:00:18.733UTC INFO [Process-akka.actor.default-dispatcher-4] b.ReportProcess - Bills Associated with this user ====List(Billers(Car,shubham,1234,1/1/2001,500.0,3,2,1000.0))
2017-03-25 16:00:18.733UTC INFO [Process-akka.actor.default-dispatcher-4] b.ReportProcess - user name ====Rahul123@gamil.com and Account number is 123456
2017-03-25 16:00:18.733UTC INFO [Process-akka.actor.default-dispatcher-4] b.ReportProcess - Bills Associated with this user ====List(Billers(Car,Rahul,1234,1/1/2001,500.0,3,2,1000.0), Billers(Food,Rahul,1234,1/1/2001,500.0,3,2,1000.0))
2017-03-25 16:00:28.731UTC INFO [Process-akka.actor.default-dispatcher-4] b.ReportProcess - user name ====shubham123@gmail.com and Account number is 1234
2017-03-25 16:00:28.732UTC INFO [Process-akka.actor.default-dispatcher-4] b.ReportProcess - Bills Associated with this user ====List(Billers(Car,shubham,1234,1/1/2001,500.0,3,2,1000.0))
2017-03-25 16:00:28.732UTC INFO [Process-akka.actor.default-dispatcher-4] b.ReportProcess - user name ====Rahul123@gamil.com and Account number is 123456
2017-03-25 16:00:28.732UTC INFO [Process-akka.actor.default-dispatcher-4] b.ReportProcess - Bills Associated with this user ====List(Billers(Car,Rahul,1234,1/1/2001,500.0,3,2,1000.0), Billers(Food,Rahul,1234,1/1/2001,500.0,3,2,1000.0))
2017-03-25 16:00:38.732UTC INFO [Process-akka.actor.default-dispatcher-2] b.ReportProcess - user name ====shubham123@gmail.com and Account number is 1234
2017-03-25 16:00:38.732UTC INFO [Process-akka.actor.default-dispatcher-2] b.ReportProcess - Bills Associated with this user ====List(Billers(Car,shubham,1234,1/1/2001,500.0,3,2,1000.0))
2017-03-25 16:00:38.732UTC INFO [Process-akka.actor.default-dispatcher-2] b.ReportProcess - user name ====Rahul123@gamil.com and Account number is 123456
2017-03-25 16:00:38.732UTC INFO [Process-akka.actor.default-dispatcher-2] b.ReportProcess - Bills Associated with this user ====List(Billers(Car,Rahul,1234,1/1/2001,500.0,3,2,1000.0), Billers(Food,Rahul,1234,1/1/2001,500.0,3,2,1000.0))
2017-03-25 16:00:48.732UTC INFO [Process-akka.actor.default-dispatcher-3] b.ReportProcess - user name ====shubham123@gmail.com and Account number is 1234
2017-03-25 16:00:48.732UTC INFO [Process-akka.actor.default-dispatcher-3] b.ReportProcess - Bills Associated with this user ====List(Billers(Car,shubham,1234,1/1/2001,500.0,3,2,1000.0))
2017-03-25 16:00:48.732UTC INFO [Process-akka.actor.default-dispatcher-3] b.ReportProcess - user name ====Rahul123@gamil.com and Account number is 123456
2017-03-25 16:00:48.732UTC INFO [Process-akka.actor.default-dispatcher-3] b.ReportProcess - Bills Associated with this user ====List(Billers(Car,Rahul,1234,1/1/2001,500.0,3,2,1000.0), Billers(Food,Rahul,1234,1/1/2001,500.0,3,2,1000.0))
2017-03-25 16:00:58.732UTC INFO [Process-akka.actor.default-dispatcher-3] b.ReportProcess - user name ====shubham123@gmail.com and Account number is 1234
2017-03-25 16:00:58.732UTC INFO [Process-akka.actor.default-dispatcher-3] b.ReportProcess - Bills Associated with this user ====List(Billers(Car,shubham,1234,1/1/2001,500.0,3,2,1000.0))
2017-03-25 16:00:58.732UTC INFO [Process-akka.actor.default-dispatcher-3] b.ReportProcess - user name ====Rahul123@gamil.com and Account number is 123456
2017-03-25 16:00:58.732UTC INFO [Process-akka.actor.default-dispatcher-3] b.ReportProcess - Bills Associated with this user ====List(Billers(Car,Rahul,1234,1/1/2001,500.0,3,2,1000.0), Billers(Food,Rahul,1234,1/1/2001,500.0,3,2,1000.0))
2017-03-25  INFO [Process-akka.actor.default-dispatcher-4] a.e.s.Slf4jLogger - Slf4jLogger started
2017-03-25 18:15:35.116UTC DEBUG[Process-akka.actor.default-dispatcher-4] a.e.EventStream - logger log1-Slf4jLogger started
2017-03-25 18:15:35.124UTC DEBUG[Process-akka.actor.default-dispatcher-4] a.e.EventStream - Default Loggers started
2017-03-25 18:15:46.300UTC INFO [Process-akka.actor.default-dispatcher-3] b.ReportProcess - user name ====shubham123@gmail.com and Account number is 1234
2017-03-25 18:15:46.302UTC INFO [Process-akka.actor.default-dispatcher-3] b.ReportProcess - Bills Associated with this user ====List(Billers(Food,shubham,1234,1/1/2001,500.0,3,2,1000.0))
2017-03-25 18:15:46.303UTC INFO [Process-akka.actor.default-dispatcher-3] b.ReportProcess - user name ====Rahul123@gamil.com and Account number is 123456
2017-03-25 18:15:46.304UTC INFO [Process-akka.actor.default-dispatcher-3] b.ReportProcess - Bills Associated with this user ====List(Billers(Car,Rahul,1234,1/1/2001,500.0,3,2,1000.0), Billers(Food,Rahul,1234,1/1/2001,500.0,3,2,1000.0))
